<?xml version="1.0" encoding="UTF-8"?>
<!-- Generated by org.testng.reporters.JUnitReportReporter -->
<testsuite hostname="DESKTOP-6A962QS" failures="0" tests="2" name="DataDrovider" time="0.014" errors="0" timestamp="2023-03-06T08:32:58 IST" skipped="0">
  <testcase classname="DataDrovider" name="dataDriven" time="0.003"/>
  <system-out/>
  <testcase classname="DataDrovider" name="dataDriven" time="0.011"/>
  <system-out/>
</testsuite> <!-- DataDrovider -->
